<?xml version="1.0" encoding="UTF-8"?>
<!-- Generated by org.testng.reporters.JUnitXMLReporter -->
<testsuite hostname="user-PC" ignored="0" name="Test" tests="2" failures="1" timestamp="04 Jan 2018 07:37:47 GMT" time="0.052" errors="0">
  <testcase name="testA" time="0.0" classname="script.Demo"/>
  <testcase name="testB" time="0.01" classname="script.Demo">
    <failure type="java.lang.AssertionError" message="null">
      <![CDATA[java.lang.AssertionError: nullat script.Demo.testB(Demo.java:29)... Removed 27 stack frames]]>
    </failure>
  </testcase> <!-- testB -->
</testsuite> <!-- Test -->
